[GUI] - Detecting port numbers...
[GUI] - GUI OSC listen port 4558
[GUI] - GUI OSC out port 4557
[GUI] - Server OSC listen port 4557
[GUI] - Server OSC out port 4558
[GUI] - Server incoming OSC cues port 4559
[GUI] - Scsynth port 4556
[GUI] - Scsynth send port 4556
[GUI] - Init script completed
[GUI] - using default editor colours
[GUI] - launching Sonic Pi Server:
[GUI] - starting UDP OSC Server on port 4558...
[GUI] - UDP OSC Server ready and listening
[GUI] - Ruby server pid registered: 1534
[GUI] - waiting for Sonic Pi Server to boot...
........
[GUI] - Sonic Pi Server successfully booted.
[GUI] - waiting for Sonic Pi Server to respond...
..
[GUI] - Sonic Pi Server connection established
[GUI] - loading workspaces
