Non-critical error: Could not load did_you_mean
jackd: no process found
scsynth: no process found
Cannot connect to server socket err = No such file or directory
Cannot connect to server request channel
jack server is not running or cannot be started
Cannot lock down 14130080 byte memory area (Cannot allocate memory)
ALSA: Cannot open PCM device alsa_pcm for capture. Falling back to playback-only mode
Cannot use real-time scheduling (RR/10)(1: Operation not permitted)
AcquireSelfRealTime error
Cannot lock down 14130080 byte memory area (Cannot allocate memory)
Non-critical error: Could not load did_you_mean
Cannot lock down 14130080 byte memory area (Cannot allocate memory)
Cannot use real-time scheduling (RR/5)(1: Operation not permitted)
JackClient::AcquireSelfRealTime error
Cannot lock down 14130080 byte memory area (Cannot allocate memory)
Cannot lock down 14130080 byte memory area (Cannot allocate memory)
Jack main caught signal 15
JackPosixProcessSync::LockedTimedWait error usec = 185756 err = Connection timed out
JackEngine::ClientCloseAux wait error ref = 2
